<?xml version="1.0" encoding="UTF-8"?>
<!-- Generated by org.testng.reporters.JUnitReportReporter -->
<testsuite name="tests.HomePageFlightsTest" tests="1" time="11.527" ignored="1" failures="0" timestamp="20 Jul 2020 06:18:59 GMT" skipped="0" hostname="CHETAN" errors="0">
  <testcase name="navigateHomeFlightUiTC1" time="11.527" classname="tests.HomePageFlightsTest"/>
  <testcase name="HotelSearch" classname="tests.HomeHotelsTest">
    <skipped/>
  </testcase> <!-- HotelSearch -->
</testsuite> <!-- tests.HomePageFlightsTest -->
