<?xml version="1.0" encoding="UTF-8"?>
<!-- Generated by org.testng.reporters.JUnitReportReporter -->
<testsuite name="tests.HomePageTest" tests="6" time="79.164" ignored="0" failures="0" timestamp="01 May 2020 10:51:39 GMT" skipped="0" hostname="CHETAN" errors="0">
  <testcase name="navigateToRegisterPageTC4" time="17.095" classname="tests.HomePageTest"/>
  <testcase name="navigateToLoginPageTC5" time="14.152" classname="tests.HomePageTest"/>
  <testcase name="getPhoneNumberTC6" time="11.643" classname="tests.HomePageTest"/>
  <testcase name="logoValidateTC2" time="13.132" classname="tests.HomePageTest"/>
  <testcase name="tittleValidateTC1" time="11.822" classname="tests.HomePageTest"/>
  <testcase name="currencyDropDownTC3" time="11.320" classname="tests.HomePageTest"/>
</testsuite> <!-- tests.HomePageTest -->
