<?xml version="1.0" encoding="UTF-8"?>
<!-- Generated by org.testng.reporters.JUnitReportReporter -->
<testsuite name="tests.RegisterPageTest" tests="1" time="19.509" ignored="0" failures="0" timestamp="14 May 2020 22:11:06 GMT" skipped="0" hostname="CHETAN" errors="0">
  <testcase name="registerCustomer" time="19.509" classname="tests.RegisterPageTest"/>
</testsuite> <!-- tests.RegisterPageTest -->
