<?xml version="1.0" encoding="UTF-8"?>
<!-- Generated by org.testng.reporters.JUnitReportReporter -->
<testsuite skipped="0" hostname="CHETAN" name="tests.HomePageTest" tests="6" failures="0" timestamp="2020-04-25T16:21:23 IST" time="67.257" errors="0">
  <testcase name="navigateToLoginPageTC5" time="13.499" classname="tests.HomePageTest"/>
  <system-out/>
  <testcase name="navigateToRegisterPageTC4" time="10.985" classname="tests.HomePageTest"/>
  <system-out/>
  <testcase name="currencyDropDownTC3" time="12.155" classname="tests.HomePageTest"/>
  <system-out/>
  <testcase name="tittleValidateTC1" time="9.856" classname="tests.HomePageTest"/>
  <system-out/>
  <testcase name="getPhoneNumberTC6" time="11.012" classname="tests.HomePageTest"/>
  <system-out/>
  <testcase name="logoValidateTC2" time="9.750" classname="tests.HomePageTest"/>
  <system-out/>
</testsuite> <!-- tests.HomePageTest -->
