<?xml version="1.0" encoding="UTF-8"?>
<!-- Generated by org.testng.reporters.JUnitReportReporter -->
<testsuite name="tests.LoginPageTest" tests="1" time="19.743" ignored="0" failures="0" timestamp="20 Jul 2020 14:50:53 GMT" skipped="0" hostname="CHETAN" errors="0">
  <testcase name="ValidateLogin" time="19.743" classname="tests.LoginPageTest"/>
</testsuite> <!-- tests.LoginPageTest -->
