<?xml version="1.0" encoding="UTF-8"?>
<!-- Generated by org.testng.reporters.JUnitReportReporter -->
<testsuite name="tests.RegisterPageTest" tests="1" time="22.581" ignored="0" failures="0" timestamp="13 May 2020 16:52:35 GMT" skipped="0" hostname="CHETAN" errors="0">
  <testcase name="registerCustomer" time="22.581" classname="tests.RegisterPageTest"/>
</testsuite> <!-- tests.RegisterPageTest -->
