<?xml version="1.0" encoding="UTF-8"?>
<!-- Generated by org.testng.reporters.JUnitReportReporter -->
<testsuite name="tests.HomePageTest" tests="6" time="86.864" ignored="0" failures="0" timestamp="14 May 2020 23:57:53 GMT" skipped="0" hostname="CHETAN" errors="0">
  <testcase name="logoValidateTC2" time="11.378" classname="tests.HomePageTest"/>
  <testcase name="tittleValidateTC1" time="13.775" classname="tests.HomePageTest"/>
  <testcase name="currencyDropDownTC3" time="15.319" classname="tests.HomePageTest"/>
  <testcase name="navigateToRegisterPageTC4" time="12.856" classname="tests.HomePageTest"/>
  <testcase name="navigateToLoginPageTC5" time="22.495" classname="tests.HomePageTest"/>
  <testcase name="getPhoneNumberTC6" time="11.041" classname="tests.HomePageTest"/>
</testsuite> <!-- tests.HomePageTest -->
