<?xml version="1.0" encoding="UTF-8"?>
<!-- Generated by org.testng.reporters.JUnitReportReporter -->
<testsuite name="tests.HomePageTest" tests="6" time="70.524" ignored="1" failures="0" timestamp="20 Jul 2020 06:18:59 GMT" skipped="0" hostname="CHETAN" errors="0">
  <testcase name="currencyDropDownTC3" time="13.531" classname="tests.HomePageTest"/>
  <testcase name="navigateToRegisterPageTC4" time="11.482" classname="tests.HomePageTest"/>
  <testcase name="getPhoneNumberTC6" time="12.289" classname="tests.HomePageTest"/>
  <testcase name="navigateToLoginPageTC5" time="13.981" classname="tests.HomePageTest"/>
  <testcase name="logoValidateTC2" time="8.737" classname="tests.HomePageTest"/>
  <testcase name="tittleValidateTC1" time="10.504" classname="tests.HomePageTest"/>
  <testcase name="HotelSearch" classname="tests.HomeHotelsTest">
    <skipped/>
  </testcase> <!-- HotelSearch -->
</testsuite> <!-- tests.HomePageTest -->
