<?xml version="1.0" encoding="UTF-8"?>
<!-- Generated by org.testng.reporters.JUnitReportReporter -->
<testsuite name="tests.HomeHotelsTest" tests="1" time="27.146" ignored="1" failures="0" timestamp="24 May 2020 18:04:44 GMT" skipped="0" hostname="CHETAN" errors="0">
  <testcase name="fillDetailsTC2" time="27.146" classname="tests.HomeHotelsTest"/>
  <testcase name="navigateHomeHotelUiTC1" classname="tests.HomeHotelsTest">
    <skipped/>
  </testcase> <!-- navigateHomeHotelUiTC1 -->
</testsuite> <!-- tests.HomeHotelsTest -->
