<?xml version="1.0" encoding="UTF-8"?>
<!-- Generated by org.testng.reporters.JUnitReportReporter -->
<testsuite skipped="0" hostname="CHETAN" name="tests.HomeHotelsTest" tests="2" failures="0" timestamp="2020-04-25T21:34:15 IST" time="26.548" errors="0">
  <testcase name="navigateHomeHotelUiTC1" time="13.362" classname="tests.HomeHotelsTest"/>
  <system-out/>
  <testcase name="fillDetailsTC2" time="13.186" classname="tests.HomeHotelsTest"/>
  <system-out/>
</testsuite> <!-- tests.HomeHotelsTest -->
