<?xml version="1.0" encoding="UTF-8"?>
<!-- Generated by org.testng.reporters.JUnitReportReporter -->
<testsuite skipped="0" hostname="CHETAN" name="tests.HomePageTest" tests="1" failures="0" timestamp="2020-04-23T22:14:13 IST" time="12.750" errors="0">
  <testcase name="currencyDropDownTC3" time="12.750" classname="tests.HomePageTest"/>
  <system-out/>
</testsuite> <!-- tests.HomePageTest -->
