<?xml version="1.0" encoding="UTF-8"?>
<!-- Generated by org.testng.reporters.JUnitReportReporter -->
<testsuite name="tests.RegisterPageTest" tests="1" time="28.068" ignored="0" failures="0" timestamp="24 May 2020 22:07:07 GMT" skipped="0" hostname="CHETAN" errors="0">
  <testcase name="registerCustomer" time="28.068" classname="tests.RegisterPageTest"/>
</testsuite> <!-- tests.RegisterPageTest -->
