<?xml version="1.0" encoding="UTF-8"?>
<!-- Generated by org.testng.reporters.JUnitReportReporter -->
<testsuite skipped="0" hostname="CHETAN" name="tests.HomeHotelsTest" tests="1" failures="0" timestamp="2020-04-25T16:21:23 IST" time="11.942" errors="0">
  <testcase name="navigateHomeHotelUiTC1" time="11.942" classname="tests.HomeHotelsTest"/>
  <system-out/>
</testsuite> <!-- tests.HomeHotelsTest -->
