<?xml version="1.0" encoding="UTF-8"?>
<!-- Generated by org.testng.reporters.JUnitReportReporter -->
<testsuite name="tests.RegisterPageTest" tests="1" time="16.489" ignored="0" failures="0" timestamp="01 May 2020 11:02:16 GMT" skipped="0" hostname="CHETAN" errors="0">
  <testcase name="registerCustomer" time="16.489" classname="tests.RegisterPageTest"/>
</testsuite> <!-- tests.RegisterPageTest -->
