<?xml version="1.0" encoding="UTF-8"?>
<!-- Generated by org.testng.reporters.JUnitReportReporter -->
<testsuite name="tests.LoginPageTest" tests="1" time="19.261" ignored="0" failures="0" timestamp="24 May 2020 22:07:46 GMT" skipped="0" hostname="CHETAN" errors="0">
  <testcase name="ValidateLogin" time="19.261" classname="tests.LoginPageTest"/>
</testsuite> <!-- tests.LoginPageTest -->
