<?xml version="1.0" encoding="UTF-8"?>
<!-- Generated by org.testng.reporters.JUnitReportReporter -->
<testsuite name="tests.LoginPageTest" tests="1" time="17.299" ignored="0" failures="0" timestamp="17 May 2020 04:55:39 GMT" skipped="0" hostname="CHETAN" errors="0">
  <testcase name="ValidateLogin" time="17.299" classname="tests.LoginPageTest"/>
</testsuite> <!-- tests.LoginPageTest -->
