<?xml version="1.0" encoding="UTF-8"?>
<!-- Generated by org.testng.reporters.JUnitReportReporter -->
<testsuite name="tests.RegisterPageTest" tests="1" time="21.265" ignored="0" failures="0" timestamp="14 May 2020 20:27:32 GMT" skipped="0" hostname="CHETAN" errors="0">
  <testcase name="registerCustomer" time="21.265" classname="tests.RegisterPageTest"/>
</testsuite> <!-- tests.RegisterPageTest -->
