<?xml version="1.0" encoding="UTF-8"?>
<!-- Generated by org.testng.reporters.JUnitReportReporter -->
<testsuite skipped="0" hostname="CHETAN" name="tests.HomePageFlightsTest" tests="1" failures="0" timestamp="2020-04-25T16:21:23 IST" time="14.120" errors="0">
  <testcase name="navigateHomeFlightUiTC1" time="14.120" classname="tests.HomePageFlightsTest"/>
  <system-out/>
</testsuite> <!-- tests.HomePageFlightsTest -->
