<?xml version="1.0" encoding="UTF-8"?>
<!-- Generated by org.testng.reporters.JUnitReportReporter -->
<testsuite name="tests.HomeHotelsTest" tests="2" time="36.639" ignored="0" failures="0" timestamp="25 May 2020 00:39:39 GMT" skipped="0" hostname="CHETAN" errors="0">
  <testcase name="navigateHomeHotelUiTC1" time="12.037" classname="tests.HomeHotelsTest"/>
  <testcase name="fillDetailsTC2" time="24.602" classname="tests.HomeHotelsTest"/>
</testsuite> <!-- tests.HomeHotelsTest -->
