<?xml version="1.0" encoding="UTF-8"?>
<!-- Generated by org.testng.reporters.JUnitReportReporter -->
<testsuite skipped="0" hostname="CHETAN" name="tests.HomePage" tests="1" failures="0" timestamp="2020-04-09T08:33:42 IST" time="5.090" errors="0">
  <testcase name="basepagenav" time="5.090" classname="tests.HomePage"/>
  <system-out/>
</testsuite> <!-- tests.HomePage -->
