<?xml version="1.0" encoding="UTF-8"?>
<!-- Generated by org.testng.reporters.JUnitReportReporter -->
<testsuite name="tests.HomePageFlightsTest" tests="1" time="11.934" ignored="0" failures="0" timestamp="20 Jul 2020 14:53:21 GMT" skipped="0" hostname="CHETAN" errors="0">
  <testcase name="navigateHomeFlightUiTC1" time="11.934" classname="tests.HomePageFlightsTest"/>
</testsuite> <!-- tests.HomePageFlightsTest -->
